<?xml version="1.0" encoding="UTF-8"?>
<testng-results ignored="0" total="1" passed="1" failed="0" skipped="0">
  <reporter-output>
  </reporter-output>
  <suite started-at="2021-01-17T16:35:13 MEZ" name="Default suite" finished-at="2021-01-17T16:35:13 MEZ" duration-ms="155">
    <groups>
    </groups>
    <test started-at="2021-01-17T16:35:13 MEZ" name="Default test" finished-at="2021-01-17T16:35:13 MEZ" duration-ms="155">
      <class name="tests.FileTest">
        <test-method signature="fileTest()[pri:0, instance:tests.FileTest@45b9a632]" started-at="2021-01-17T16:35:13 MEZ" name="fileTest" finished-at="2021-01-17T16:35:13 MEZ" duration-ms="119" status="PASS">
          <reporter-output>
          </reporter-output>
        </test-method> <!-- fileTest -->
      </class> <!-- tests.FileTest -->
    </test> <!-- Default test -->
  </suite> <!-- Default suite -->
</testng-results>
