<?xml version="1.0" encoding="UTF-8"?>
<testng-results ignored="0" total="2" passed="2" failed="0" skipped="0">
  <reporter-output>
  </reporter-output>
  <suite started-at="2021-01-17T16:08:33 MEZ" name="Default suite" finished-at="2021-01-17T16:08:34 MEZ" duration-ms="844">
    <groups>
    </groups>
    <test started-at="2021-01-17T16:08:33 MEZ" name="Default test" finished-at="2021-01-17T16:08:34 MEZ" duration-ms="844">
      <class name="tests.StringTest">
        <test-method signature="stringTest(java.lang.String)[pri:0, instance:tests.StringTest@1ffe63b9]" started-at="2021-01-17T16:08:33 MEZ" name="stringTest" data-provider="simpledataprovidertest" finished-at="2021-01-17T16:08:34 MEZ" duration-ms="796" status="PASS">
          <params>
            <param index="0">
              <value>
                <![CDATA[selenium]]>
              </value>
            </param>
          </params>
          <reporter-output>
          </reporter-output>
        </test-method> <!-- stringTest -->
        <test-method signature="stringTest(java.lang.String)[pri:0, instance:tests.StringTest@1ffe63b9]" started-at="2021-01-17T16:08:34 MEZ" name="stringTest" data-provider="simpledataprovidertest" finished-at="2021-01-17T16:08:34 MEZ" duration-ms="2" status="PASS">
          <params>
            <param index="0">
              <value>
                <![CDATA[selenide]]>
              </value>
            </param>
          </params>
          <reporter-output>
          </reporter-output>
        </test-method> <!-- stringTest -->
      </class> <!-- tests.StringTest -->
    </test> <!-- Default test -->
  </suite> <!-- Default suite -->
</testng-results>
